<?xml version="1.0" encoding="UTF-8"?>
<!-- Generated by org.testng.reporters.JUnitReportReporter -->
<testsuite hostname="PUN-IT000722.local" name="DemoProject.MyCountryProject.GetCountryName" tests="1" failures="0" timestamp="26 Sep 2019 09:16:14 GMT" time="2.481" errors="0">
  <testcase name="getName" time="2.481" classname="DemoProject.MyCountryProject.GetCountryName"/>
</testsuite> <!-- DemoProject.MyCountryProject.GetCountryName -->
