<?xml version="1.0" encoding="UTF-8"?>
<testsuite xmlns:xsi="http://www.w3.org/2001/XMLSchema-instance" xsi:noNamespaceSchemaLocation="https://maven.apache.org/surefire/maven-surefire-plugin/xsd/surefire-test-report.xsd" name="TestSuite" time="22.68" tests="2" errors="0" skipped="0" failures="0">
  <properties>
    <property name="gopherProxySet" value="false"/>
    <property name="awt.toolkit" value="sun.lwawt.macosx.LWCToolkit"/>
    <property name="file.encoding.pkg" value="sun.io"/>
    <property name="java.specification.version" value="1.8"/>
    <property name="sun.cpu.isalist" value=""/>
    <property name="sun.jnu.encoding" value="UTF-8"/>
    <property name="java.class.path" value="/Users/sandeepkhanorkar/workspace-sts-3.9.6.RELEASE/MyCountryProject/target/test-classes:/Users/sandeepkhanorkar/workspace-sts-3.9.6.RELEASE/MyCountryProject/target/classes:/Users/sandeepkhanorkar/.m2/repository/junit/junit/3.8.1/junit-3.8.1.jar:/Users/sandeepkhanorkar/.m2/repository/com/fasterxml/jackson/core/jackson-databind/2.9.3/jackson-databind-2.9.3.jar:/Users/sandeepkhanorkar/.m2/repository/com/fasterxml/jackson/core/jackson-annotations/2.9.0/jackson-annotations-2.9.0.jar:/Users/sandeepkhanorkar/.m2/repository/com/fasterxml/jackson/core/jackson-core/2.9.3/jackson-core-2.9.3.jar:/Users/sandeepkhanorkar/.m2/repository/com/amazonaws/aws-java-sdk-dynamodb/1.11.456/aws-java-sdk-dynamodb-1.11.456.jar:/Users/sandeepkhanorkar/.m2/repository/com/amazonaws/aws-java-sdk-s3/1.11.456/aws-java-sdk-s3-1.11.456.jar:/Users/sandeepkhanorkar/.m2/repository/com/amazonaws/aws-java-sdk-kms/1.11.456/aws-java-sdk-kms-1.11.456.jar:/Users/sandeepkhanorkar/.m2/repository/com/amazonaws/aws-java-sdk-core/1.11.456/aws-java-sdk-core-1.11.456.jar:/Users/sandeepkhanorkar/.m2/repository/commons-logging/commons-logging/1.1.3/commons-logging-1.1.3.jar:/Users/sandeepkhanorkar/.m2/repository/software/amazon/ion/ion-java/1.0.2/ion-java-1.0.2.jar:/Users/sandeepkhanorkar/.m2/repository/com/fasterxml/jackson/dataformat/jackson-dataformat-cbor/2.6.7/jackson-dataformat-cbor-2.6.7.jar:/Users/sandeepkhanorkar/.m2/repository/joda-time/joda-time/2.8.1/joda-time-2.8.1.jar:/Users/sandeepkhanorkar/.m2/repository/com/amazonaws/jmespath-java/1.11.456/jmespath-java-1.11.456.jar:/Users/sandeepkhanorkar/.m2/repository/io/rest-assured/rest-assured/3.0.7/rest-assured-3.0.7.jar:/Users/sandeepkhanorkar/.m2/repository/org/codehaus/groovy/groovy/2.4.12/groovy-2.4.12.jar:/Users/sandeepkhanorkar/.m2/repository/org/codehaus/groovy/groovy-xml/2.4.12/groovy-xml-2.4.12.jar:/Users/sandeepkhanorkar/.m2/repository/org/apache/httpcomponents/httpclient/4.5.3/httpclient-4.5.3.jar:/Users/sandeepkhanorkar/.m2/repository/org/apache/httpcomponents/httpcore/4.4.6/httpcore-4.4.6.jar:/Users/sandeepkhanorkar/.m2/repository/commons-codec/commons-codec/1.9/commons-codec-1.9.jar:/Users/sandeepkhanorkar/.m2/repository/org/apache/httpcomponents/httpmime/4.5.1/httpmime-4.5.1.jar:/Users/sandeepkhanorkar/.m2/repository/org/hamcrest/hamcrest-core/1.3/hamcrest-core-1.3.jar:/Users/sandeepkhanorkar/.m2/repository/org/hamcrest/hamcrest-library/1.3/hamcrest-library-1.3.jar:/Users/sandeepkhanorkar/.m2/repository/org/ccil/cowan/tagsoup/tagsoup/1.2.1/tagsoup-1.2.1.jar:/Users/sandeepkhanorkar/.m2/repository/io/rest-assured/json-path/3.0.7/json-path-3.0.7.jar:/Users/sandeepkhanorkar/.m2/repository/org/codehaus/groovy/groovy-json/2.4.12/groovy-json-2.4.12.jar:/Users/sandeepkhanorkar/.m2/repository/io/rest-assured/rest-assured-common/3.0.7/rest-assured-common-3.0.7.jar:/Users/sandeepkhanorkar/.m2/repository/io/rest-assured/xml-path/3.0.7/xml-path-3.0.7.jar:/Users/sandeepkhanorkar/.m2/repository/org/apache/commons/commons-lang3/3.4/commons-lang3-3.4.jar:/Users/sandeepkhanorkar/.m2/repository/javax/xml/bind/jaxb-api/2.2.12/jaxb-api-2.2.12.jar:/Users/sandeepkhanorkar/.m2/repository/org/testng/testng/6.9.8/testng-6.9.8.jar:/Users/sandeepkhanorkar/.m2/repository/com/beust/jcommander/1.48/jcommander-1.48.jar:/Users/sandeepkhanorkar/.m2/repository/org/apache/ant/ant/1.7.0/ant-1.7.0.jar:/Users/sandeepkhanorkar/.m2/repository/org/apache/ant/ant-launcher/1.7.0/ant-launcher-1.7.0.jar:/Users/sandeepkhanorkar/.m2/repository/com/google/inject/guice/4.0/guice-4.0-no_aop.jar:/Users/sandeepkhanorkar/.m2/repository/javax/inject/javax.inject/1/javax.inject-1.jar:/Users/sandeepkhanorkar/.m2/repository/aopalliance/aopalliance/1.0/aopalliance-1.0.jar:/Users/sandeepkhanorkar/.m2/repository/com/google/guava/guava/16.0.1/guava-16.0.1.jar:/Users/sandeepkhanorkar/.m2/repository/org/yaml/snakeyaml/1.15/snakeyaml-1.15.jar:/Users/sandeepkhanorkar/.m2/repository/org/beanshell/bsh/2.0b4/bsh-2.0b4.jar:/Users/sandeepkhanorkar/.m2/repository/log4j/log4j/1.2.17/log4j-1.2.17.jar:/Users/sandeepkhanorkar/.m2/repository/org/projectlombok/lombok/1.18.0/lombok-1.18.0.jar:/Users/sandeepkhanorkar/.m2/repository/org/apache/maven/surefire/surefire-testng-utils/2.21.0/surefire-testng-utils-2.21.0.jar:/Users/sandeepkhanorkar/.m2/repository/org/apache/maven/surefire/surefire-grouper/2.21.0/surefire-grouper-2.21.0.jar:"/>
    <property name="java.vm.vendor" value="Oracle Corporation"/>
    <property name="sun.arch.data.model" value="64"/>
    <property name="java.vendor.url" value="http://java.oracle.com/"/>
    <property name="user.timezone" value=""/>
    <property name="java.vm.specification.version" value="1.8"/>
    <property name="os.name" value="Mac OS X"/>
    <property name="user.country" value="IN"/>
    <property name="sun.java.launcher" value="SUN_STANDARD"/>
    <property name="sun.boot.library.path" value="/Library/Java/JavaVirtualMachines/jdk1.8.0_191.jdk/Contents/Home/jre/lib"/>
    <property name="sun.java.command" value="/Users/sandeepkhanorkar/workspace-sts-3.9.6.RELEASE/MyCountryProject/target/surefire/surefirebooter643193695872525999.jar /Users/sandeepkhanorkar/workspace-sts-3.9.6.RELEASE/MyCountryProject/target/surefire 2019-09-26T14-46-01_948-jvmRun1 surefire3589483831824798059tmp surefire_05958720298698676511tmp"/>
    <property name="http.nonProxyHosts" value="local|*.local|169.254/16|*.169.254/16"/>
    <property name="surefire.test.class.path" value="/Users/sandeepkhanorkar/workspace-sts-3.9.6.RELEASE/MyCountryProject/target/test-classes:/Users/sandeepkhanorkar/workspace-sts-3.9.6.RELEASE/MyCountryProject/target/classes:/Users/sandeepkhanorkar/.m2/repository/junit/junit/3.8.1/junit-3.8.1.jar:/Users/sandeepkhanorkar/.m2/repository/com/fasterxml/jackson/core/jackson-databind/2.9.3/jackson-databind-2.9.3.jar:/Users/sandeepkhanorkar/.m2/repository/com/fasterxml/jackson/core/jackson-annotations/2.9.0/jackson-annotations-2.9.0.jar:/Users/sandeepkhanorkar/.m2/repository/com/fasterxml/jackson/core/jackson-core/2.9.3/jackson-core-2.9.3.jar:/Users/sandeepkhanorkar/.m2/repository/com/amazonaws/aws-java-sdk-dynamodb/1.11.456/aws-java-sdk-dynamodb-1.11.456.jar:/Users/sandeepkhanorkar/.m2/repository/com/amazonaws/aws-java-sdk-s3/1.11.456/aws-java-sdk-s3-1.11.456.jar:/Users/sandeepkhanorkar/.m2/repository/com/amazonaws/aws-java-sdk-kms/1.11.456/aws-java-sdk-kms-1.11.456.jar:/Users/sandeepkhanorkar/.m2/repository/com/amazonaws/aws-java-sdk-core/1.11.456/aws-java-sdk-core-1.11.456.jar:/Users/sandeepkhanorkar/.m2/repository/commons-logging/commons-logging/1.1.3/commons-logging-1.1.3.jar:/Users/sandeepkhanorkar/.m2/repository/software/amazon/ion/ion-java/1.0.2/ion-java-1.0.2.jar:/Users/sandeepkhanorkar/.m2/repository/com/fasterxml/jackson/dataformat/jackson-dataformat-cbor/2.6.7/jackson-dataformat-cbor-2.6.7.jar:/Users/sandeepkhanorkar/.m2/repository/joda-time/joda-time/2.8.1/joda-time-2.8.1.jar:/Users/sandeepkhanorkar/.m2/repository/com/amazonaws/jmespath-java/1.11.456/jmespath-java-1.11.456.jar:/Users/sandeepkhanorkar/.m2/repository/io/rest-assured/rest-assured/3.0.7/rest-assured-3.0.7.jar:/Users/sandeepkhanorkar/.m2/repository/org/codehaus/groovy/groovy/2.4.12/groovy-2.4.12.jar:/Users/sandeepkhanorkar/.m2/repository/org/codehaus/groovy/groovy-xml/2.4.12/groovy-xml-2.4.12.jar:/Users/sandeepkhanorkar/.m2/repository/org/apache/httpcomponents/httpclient/4.5.3/httpclient-4.5.3.jar:/Users/sandeepkhanorkar/.m2/repository/org/apache/httpcomponents/httpcore/4.4.6/httpcore-4.4.6.jar:/Users/sandeepkhanorkar/.m2/repository/commons-codec/commons-codec/1.9/commons-codec-1.9.jar:/Users/sandeepkhanorkar/.m2/repository/org/apache/httpcomponents/httpmime/4.5.1/httpmime-4.5.1.jar:/Users/sandeepkhanorkar/.m2/repository/org/hamcrest/hamcrest-core/1.3/hamcrest-core-1.3.jar:/Users/sandeepkhanorkar/.m2/repository/org/hamcrest/hamcrest-library/1.3/hamcrest-library-1.3.jar:/Users/sandeepkhanorkar/.m2/repository/org/ccil/cowan/tagsoup/tagsoup/1.2.1/tagsoup-1.2.1.jar:/Users/sandeepkhanorkar/.m2/repository/io/rest-assured/json-path/3.0.7/json-path-3.0.7.jar:/Users/sandeepkhanorkar/.m2/repository/org/codehaus/groovy/groovy-json/2.4.12/groovy-json-2.4.12.jar:/Users/sandeepkhanorkar/.m2/repository/io/rest-assured/rest-assured-common/3.0.7/rest-assured-common-3.0.7.jar:/Users/sandeepkhanorkar/.m2/repository/io/rest-assured/xml-path/3.0.7/xml-path-3.0.7.jar:/Users/sandeepkhanorkar/.m2/repository/org/apache/commons/commons-lang3/3.4/commons-lang3-3.4.jar:/Users/sandeepkhanorkar/.m2/repository/javax/xml/bind/jaxb-api/2.2.12/jaxb-api-2.2.12.jar:/Users/sandeepkhanorkar/.m2/repository/org/testng/testng/6.9.8/testng-6.9.8.jar:/Users/sandeepkhanorkar/.m2/repository/com/beust/jcommander/1.48/jcommander-1.48.jar:/Users/sandeepkhanorkar/.m2/repository/org/apache/ant/ant/1.7.0/ant-1.7.0.jar:/Users/sandeepkhanorkar/.m2/repository/org/apache/ant/ant-launcher/1.7.0/ant-launcher-1.7.0.jar:/Users/sandeepkhanorkar/.m2/repository/com/google/inject/guice/4.0/guice-4.0-no_aop.jar:/Users/sandeepkhanorkar/.m2/repository/javax/inject/javax.inject/1/javax.inject-1.jar:/Users/sandeepkhanorkar/.m2/repository/aopalliance/aopalliance/1.0/aopalliance-1.0.jar:/Users/sandeepkhanorkar/.m2/repository/com/google/guava/guava/16.0.1/guava-16.0.1.jar:/Users/sandeepkhanorkar/.m2/repository/org/yaml/snakeyaml/1.15/snakeyaml-1.15.jar:/Users/sandeepkhanorkar/.m2/repository/org/beanshell/bsh/2.0b4/bsh-2.0b4.jar:/Users/sandeepkhanorkar/.m2/repository/log4j/log4j/1.2.17/log4j-1.2.17.jar:/Users/sandeepkhanorkar/.m2/repository/org/projectlombok/lombok/1.18.0/lombok-1.18.0.jar:/Users/sandeepkhanorkar/.m2/repository/org/apache/maven/surefire/surefire-testng-utils/2.21.0/surefire-testng-utils-2.21.0.jar:/Users/sandeepkhanorkar/.m2/repository/org/apache/maven/surefire/surefire-grouper/2.21.0/surefire-grouper-2.21.0.jar:"/>
    <property name="sun.cpu.endian" value="little"/>
    <property name="user.home" value="/Users/sandeepkhanorkar"/>
    <property name="user.language" value="en"/>
    <property name="java.specification.vendor" value="Oracle Corporation"/>
    <property name="java.home" value="/Library/Java/JavaVirtualMachines/jdk1.8.0_191.jdk/Contents/Home/jre"/>
    <property name="basedir" value="/Users/sandeepkhanorkar/workspace-sts-3.9.6.RELEASE/MyCountryProject"/>
    <property name="file.separator" value="/"/>
    <property name="line.separator" value="&#10;"/>
    <property name="java.vm.specification.vendor" value="Oracle Corporation"/>
    <property name="java.specification.name" value="Java Platform API Specification"/>
    <property name="java.awt.graphicsenv" value="sun.awt.CGraphicsEnvironment"/>
    <property name="surefire.real.class.path" value="/Users/sandeepkhanorkar/workspace-sts-3.9.6.RELEASE/MyCountryProject/target/surefire/surefirebooter643193695872525999.jar"/>
    <property name="sun.boot.class.path" value="/Library/Java/JavaVirtualMachines/jdk1.8.0_191.jdk/Contents/Home/jre/lib/resources.jar:/Library/Java/JavaVirtualMachines/jdk1.8.0_191.jdk/Contents/Home/jre/lib/rt.jar:/Library/Java/JavaVirtualMachines/jdk1.8.0_191.jdk/Contents/Home/jre/lib/sunrsasign.jar:/Library/Java/JavaVirtualMachines/jdk1.8.0_191.jdk/Contents/Home/jre/lib/jsse.jar:/Library/Java/JavaVirtualMachines/jdk1.8.0_191.jdk/Contents/Home/jre/lib/jce.jar:/Library/Java/JavaVirtualMachines/jdk1.8.0_191.jdk/Contents/Home/jre/lib/charsets.jar:/Library/Java/JavaVirtualMachines/jdk1.8.0_191.jdk/Contents/Home/jre/lib/jfr.jar:/Library/Java/JavaVirtualMachines/jdk1.8.0_191.jdk/Contents/Home/jre/classes"/>
    <property name="sun.management.compiler" value="HotSpot 64-Bit Tiered Compilers"/>
    <property name="ftp.nonProxyHosts" value="local|*.local|169.254/16|*.169.254/16"/>
    <property name="java.runtime.version" value="1.8.0_191-b12"/>
    <property name="user.name" value="sandeepkhanorkar"/>
    <property name="path.separator" value=":"/>
    <property name="os.version" value="10.14.3"/>
    <property name="java.endorsed.dirs" value="/Library/Java/JavaVirtualMachines/jdk1.8.0_191.jdk/Contents/Home/jre/lib/endorsed"/>
    <property name="java.runtime.name" value="Java(TM) SE Runtime Environment"/>
    <property name="file.encoding" value="UTF-8"/>
    <property name="java.vm.name" value="Java HotSpot(TM) 64-Bit Server VM"/>
    <property name="localRepository" value="/Users/sandeepkhanorkar/.m2/repository"/>
    <property name="java.vendor.url.bug" value="http://bugreport.sun.com/bugreport/"/>
    <property name="java.io.tmpdir" value="/var/folders/6_/cmlnk23n64d6gs89hz_tlrlm0000gp/T/"/>
    <property name="java.version" value="1.8.0_191"/>
    <property name="user.dir" value="/Users/sandeepkhanorkar/workspace-sts-3.9.6.RELEASE/MyCountryProject"/>
    <property name="os.arch" value="x86_64"/>
    <property name="java.vm.specification.name" value="Java Virtual Machine Specification"/>
    <property name="java.awt.printerjob" value="sun.lwawt.macosx.CPrinterJob"/>
    <property name="serviceName" value=""/>
    <property name="sun.os.patch.level" value="unknown"/>
    <property name="java.library.path" value="/Users/sandeepkhanorkar/Library/Java/Extensions:/Library/Java/Extensions:/Network/Library/Java/Extensions:/System/Library/Java/Extensions:/usr/lib/java:."/>
    <property name="java.vm.info" value="mixed mode"/>
    <property name="java.vendor" value="Oracle Corporation"/>
    <property name="java.vm.version" value="25.191-b12"/>
    <property name="java.ext.dirs" value="/Users/sandeepkhanorkar/Library/Java/Extensions:/Library/Java/JavaVirtualMachines/jdk1.8.0_191.jdk/Contents/Home/jre/lib/ext:/Library/Java/Extensions:/Network/Library/Java/Extensions:/System/Library/Java/Extensions:/usr/lib/java"/>
    <property name="sun.io.unicode.encoding" value="UnicodeBig"/>
    <property name="java.class.version" value="52.0"/>
    <property name="socksNonProxyHosts" value="local|*.local|169.254/16|*.169.254/16"/>
  </properties>
  <testcase name="getName" classname="DemoProject.MyCountryProject.GetCountryName" time="2.491"/>
  <testcase name="testApp on testApp(DemoProject.MyCountryProject.AppTest)" classname="DemoProject.MyCountryProject.AppTest" time="12.535"/>
</testsuite>