<?xml version="1.0" encoding="UTF-8"?>
<!-- Generated by org.testng.reporters.JUnitReportReporter -->
<testsuite hostname="PUN-IT000722.local" name="DemoProject.MyCountryProject.AppTest" tests="1" failures="0" timestamp="26 Sep 2019 09:16:24 GMT" time="0.001" errors="0">
  <testcase name="testApp" time="0.001" classname="DemoProject.MyCountryProject.AppTest"/>
</testsuite> <!-- DemoProject.MyCountryProject.AppTest -->
